Arguments: 
  /Users/piantongliangye/.nodebrew/node/v18.0.0/bin/node /Users/piantongliangye/.nodebrew/current/bin/yarn init

PATH: 
  /Users/piantongliangye/google-cloud-sdk/bin:/usr/local/opt/maven@3.5/bin:/usr/local/go/bin:/Users/piantongliangye/anaconda3/bin:/Users/piantongliangye/.pyenv/shims:/Users/piantongliangye/.rbenv/shims:/Users/piantongliangye/.cargo/bin:/usr/local/bin:/usr/bin:/bin:/usr/sbin:/sbin:/usr/local/go/bin:/Library/Apple/usr/bin:/Users/piantongliangye/.nodebrew/current/bin

Yarn version: 
  1.22.19

Node version: 
  18.0.0

Platform: 
  darwin x64

Trace: 
  Error: canceled
      at Interface.<anonymous> (/Users/piantongliangye/.nodebrew/node/v18.0.0/lib/node_modules/yarn/lib/cli.js:137150:13)
      at Interface.emit (node:events:527:28)
      at [_ttyWrite] [as _ttyWrite] (node:internal/readline/interface:1123:18)
      at ReadStream.onkeypress (node:internal/readline/interface:272:20)
      at ReadStream.emit (node:events:527:28)
      at emitKeys (node:internal/readline/utils:358:14)
      at emitKeys.next (<anonymous>)
      at ReadStream.onData (node:internal/readline/emitKeypressEvents:64:36)
      at ReadStream.emit (node:events:527:28)
      at addChunk (node:internal/streams/readable:324:12)

npm manifest: 
  No manifest

yarn manifest: 
  No manifest

Lockfile: 
  No lockfile
